<?xml version="1.0" encoding="UTF-8"?>
<!-- Generated by org.testng.reporters.JUnitReportReporter -->
<testsuite hostname="LAPTOP-F3DJPE74" failures="0" tests="1" name="com.sd.TestBase.TestBase" time="7.482" errors="0" timestamp="2024-11-04T11:41:30 IST" skipped="0">
  <testcase classname="com.sd.TestBase.TestBase" name="SetUp" time="7.482"/>
  <system-out/>
</testsuite> <!-- com.sd.TestBase.TestBase -->
