<?xml version="1.0" encoding="UTF-8"?>
<!-- Generated by org.testng.reporters.JUnitReportReporter -->
<testsuite hostname="LAPTOP-F3DJPE74" failures="0" tests="1" name="com.sd.TestLayer.BuyProductPageTest1" time="12.053" errors="0" timestamp="2024-11-08T19:47:24 IST" skipped="0">
  <testcase classname="com.sd.TestLayer.BuyProductPageTest1" name="BuyProductFunctinality" time="12.053"/>
  <system-out/>
</testsuite> <!-- com.sd.TestLayer.BuyProductPageTest1 -->
